
Showing logs for build [32mcb-kubecd-bdd-gh-1582476059-pr-l5w5v-1[0m stage [32mfrom-build-pack[0m and container [32mstep-credential-initializer-w6n75[0m
{"level":"warn","ts":1582477978.490234,"logger":"fallback-logger","caller":"logging/config.go:69","msg":"Fetch GitHub commit ID from kodata failed: \"ref: refs/heads/0.8.0-**-support-backwards-incompats\" is not a valid GitHub commit ID"}
{"level":"info","ts":1582477978.490708,"logger":"fallback-logger","caller":"creds-init/main.go:40","msg":"Credentials initialized."}

Showing logs for build [32mcb-kubecd-bdd-gh-1582476059-pr-l5w5v-1[0m stage [32mfrom-build-pack[0m and container [32mstep-working-dir-initializer-dsm7l[0m
{"level":"warn","ts":1582477980.055028,"logger":"fallback-logger","caller":"logging/config.go:69","msg":"Fetch GitHub commit ID from kodata failed: open /var/run/ko/HEAD: no such file or directory"}
{"level":"info","ts":1582477980.0564647,"logger":"fallback-logger","caller":"bash/main.go:64","msg":"Successfully executed command \"sh -c mkdir -p /workspace/source\"; output "}

Showing logs for build [32mcb-kubecd-bdd-gh-1582476059-pr-l5w5v-1[0m stage [32mfrom-build-pack[0m and container [32mstep-place-tools[0m

Showing logs for build [32mcb-kubecd-bdd-gh-1582476059-pr-l5w5v-1[0m stage [32mfrom-build-pack[0m and container [32mstep-git-source-cb-kubecd-bdd-gh-1582476059-pr-l5w5v-ck4bz[0m
{"level":"warn","ts":1582477986.306938,"logger":"fallback-logger","caller":"logging/config.go:69","msg":"Fetch GitHub commit ID from kodata failed: \"ref: refs/heads/0.8.0-**-support-backwards-incompats\" is not a valid GitHub commit ID"}
{"level":"info","ts":1582477987.3572233,"logger":"fallback-logger","caller":"git/git.go:103","msg":"Successfully cloned https://github.com/cb-kubecd/bdd-gh-1582476059.git @ master in path /workspace/source"}

Showing logs for build [32mcb-kubecd-bdd-gh-1582476059-pr-l5w5v-1[0m stage [32mfrom-build-pack[0m and container [32mstep-git-merge[0m
Using SHAs from PULL_REFS=master:2b429b04f8e497ee67c27a4f9a3e98fad3603329,1:b6ed4c13450e8ddcd4d7b53df1d27f04d0548167
DEBUG: LC_ALL=C JX_LOG_LEVEL=error git fetch origin --unshallow b6ed4c13450e8ddcd4d7b53df1d27f04d0548167: 2b429b04f8e497ee67c27a4f9a3e98fad3603329:
DEBUG: ran git fetch --unshallow origin b6ed4c13450e8ddcd4d7b53df1d27f04d0548167: 2b429b04f8e497ee67c27a4f9a3e98fad3603329: in 
DEBUG: JX_LOG_LEVEL=error LC_ALL=C git branch
DEBUG: LC_ALL=C JX_LOG_LEVEL=error git checkout master
DEBUG: ran git checkout master in 
DEBUG: LC_ALL=C JX_LOG_LEVEL=error git reset --hard 2b429b04f8e497ee67c27a4f9a3e98fad3603329
DEBUG: ran git reset --hard 2b429b04f8e497ee67c27a4f9a3e98fad3603329 in 
DEBUG: LC_ALL=C JX_LOG_LEVEL=error git clean -fd .
DEBUG: ran clean --force -d . in 
DEBUG: LC_ALL=C JX_LOG_LEVEL=error git merge b6ed4c13450e8ddcd4d7b53df1d27f04d0548167
DEBUG: ran git merge b6ed4c13450e8ddcd4d7b53df1d27f04d0548167 in 
DEBUG: LC_ALL=C JX_LOG_LEVEL=error git log --format=%H%x1f%an%x1f%ae%x1f%cn%x1f%ce%x1f%s%n%b%x1e 2b429b04f8e497ee67c27a4f9a3e98fad3603329..HEAD
Merged SHA b6ed4c13450e8ddcd4d7b53df1d27f04d0548167 with commit message 'My first PR commit' into base branch master

Showing logs for build [32mcb-kubecd-bdd-gh-1582476059-pr-l5w5v-1[0m stage [32mfrom-build-pack[0m and container [32mstep-build-make-linux[0m
CGO_ENABLED=0 GOOS=linux GOARCH=amd64 GO15VENDOREXPERIMENT=1 go build -ldflags '' -o bin/bdd-gh-1582476059 main.go

Showing logs for build [32mcb-kubecd-bdd-gh-1582476059-pr-l5w5v-1[0m stage [32mfrom-build-pack[0m and container [32mstep-build-container-build[0m
[36mINFO[0m[0000] No base image, nothing to extract            
[36mINFO[0m[0000] cmd: EXPOSE                                  
[36mINFO[0m[0000] Adding exposed port: 8080/tcp                
[36mINFO[0m[0000] Using files from context: [/workspace/source/bin] 
[36mINFO[0m[0000] Skipping unpacking as no commands require it. 
[36mINFO[0m[0000] Taking snapshot of full filesystem...        
[36mINFO[0m[0000] EXPOSE 8080                                  
[36mINFO[0m[0000] cmd: EXPOSE                                  
[36mINFO[0m[0000] Adding exposed port: 8080/tcp                
[36mINFO[0m[0000] No files changed in this command, skipping snapshotting. 
[36mINFO[0m[0000] ENTRYPOINT ["/bdd-gh-1582476059"]            
[36mINFO[0m[0000] No files changed in this command, skipping snapshotting. 
[36mINFO[0m[0000] Using files from context: [/workspace/source/bin] 
[36mINFO[0m[0000] COPY ./bin/ /                                
[36mINFO[0m[0000] Taking snapshot of files...                  
2020/02/23 17:13:24 pushed blob: sha256:f3b79e01086603c0c84144080454da543af6a9f5f89475ec04ed538a48b1438a
2020/02/23 17:13:25 pushed blob: sha256:99138c0ca47b3ffba105efa7ad128ae7d28074c2e1c0b44d92eaa8ec1490de0c
2020/02/23 17:13:26 gcr.io/jenkins-x-bdd3/bdd-gh-1582476059:0.0.0-SNAPSHOT-PR-1-1: digest: sha256:884fff0bb852ce80aba12f0ff945da40a107fd67ecdd6be42afac464bd1cd94f size: 428

Showing logs for build [32mcb-kubecd-bdd-gh-1582476059-pr-l5w5v-1[0m stage [32mfrom-build-pack[0m and container [32mstep-postbuild-post-build[0m
no CVE provider running in the current ** namespace so skip adding image to be analysed

Showing logs for build [32mcb-kubecd-bdd-gh-1582476059-pr-l5w5v-1[0m stage [32mfrom-build-pack[0m and container [32mstep-promote-make-preview[0m
sed -i -e "s/version:.*/version: 0.0.0-SNAPSHOT-PR-1-1/" Chart.yaml
sed -i -e "s/version:.*/version: 0.0.0-SNAPSHOT-PR-1-1/" ../*/Chart.yaml
sed -i -e "s|repository:.*|repository: gcr.io\/jenkins-x-bdd3\/bdd-gh-1582476059|" values.yaml
sed -i -e "s/tag:.*/tag: 0.0.0-SNAPSHOT-PR-1-1/" values.yaml
echo "  version: 0.0.0-SNAPSHOT-PR-1-1" >> requirements.yaml
** step helm build
WARNING: No $CHART_REPOSITORY defined so using the default value of: http://jenkins-x-chartmuseum:8080
Adding missing Helm repo: storage.googleapis.com https://storage.googleapis.com/chartmuseum.jenkins-x.io
WARNING: No secrets found on "helm/repos" due: reading the secret "helm/repos" from vault: no secret "helm/repos" not found in vault
Read credentials for https://storage.googleapis.com/chartmuseum.jenkins-x.io from vault helm/repos
Successfully added Helm repository storage.googleapis.com.
Adding missing Helm repo: jenkins-x-chartmuseum http://jenkins-x-chartmuseum:8080
WARNING: No secrets found on "helm/repos" due: reading the secret "helm/repos" from vault: no secret "helm/repos" not found in vault
Read credentials for http://jenkins-x-chartmuseum:8080 from vault helm/repos
Successfully added Helm repository jenkins-x-chartmuseum.
WARNING: No $CHART_REPOSITORY defined so using the default value of: http://jenkins-x-chartmuseum:8080
Adding missing Helm repo: chartmuseum.jenkins-x.io http://chartmuseum.jenkins-x.io
WARNING: No secrets found on "helm/repos" due: reading the secret "helm/repos" from vault: no secret "helm/repos" not found in vault
Read credentials for http://chartmuseum.jenkins-x.io from vault helm/repos
Successfully added Helm repository chartmuseum.jenkins-x.io.

Showing logs for build [32mcb-kubecd-bdd-gh-1582476059-pr-l5w5v-1[0m stage [32mfrom-build-pack[0m and container [32mstep-promote-jx-preview[0m
Creating a preview
Created environment cb-kubecd-bdd-gh-1582476059-pr-1
Namespace **-cb-kubecd-bdd-gh-1582476059-pr-1 created 
expose:
  Annotations:
    helm.sh/hook: post-install,post-upgrade
    helm.sh/hook-delete-policy: hook-succeeded
  config:
    domain: 35.187.15.140.nip.io
    exposer: Ingress
    http: "true"
preview:
  image:
    repository: gcr.io/jenkins-x-bdd3/bdd-gh-1582476059
    tag: 0.0.0-SNAPSHOT-PR-1-1

Updating PipelineActivities cb-kubecd-bdd-gh-1582476059-pr-1-1 which has status Running
WARNING: preview application http://bdd-gh-1582476059.**-cb-kubecd-bdd-gh-1582476059-pr-1.35.187.15.140.nip.io not available, error was 503 503 Service Temporarily Unavailable, delaying for: 1.229180727s
WARNING: preview application http://bdd-gh-1582476059.**-cb-kubecd-bdd-gh-1582476059-pr-1.35.187.15.140.nip.io not available, error was 503 503 Service Temporarily Unavailable, delaying for: 1.854102902s
WARNING: preview application http://bdd-gh-1582476059.**-cb-kubecd-bdd-gh-1582476059-pr-1.35.187.15.140.nip.io not available, error was 503 503 Service Temporarily Unavailable, delaying for: 2.48395073s
Preview application is now available at: http://bdd-gh-1582476059.**-cb-kubecd-bdd-gh-1582476059-pr-1.35.187.15.140.nip.io
